<?xml version="1.0" encoding="UTF-8"?>
<testng-results skipped="0" failed="0" total="1" passed="1">
  <reporter-output>
  </reporter-output>
  <suite name="Suite" duration-ms="85309" started-at="2016-12-04T13:34:18Z" finished-at="2016-12-04T13:35:44Z">
    <groups>
    </groups>
    <test name="Test" duration-ms="85309" started-at="2016-12-04T13:34:18Z" finished-at="2016-12-04T13:35:44Z">
      <class name="Appium.NAB">
        <test-method status="PASS" signature="setUp(java.lang.String)[pri:0, instance:Appium.NAB@5792a0]" name="setUp" is-config="true" duration-ms="54239" started-at="2016-12-04T19:04:18Z" finished-at="2016-12-04T19:05:12Z">
          <params>
            <param index="0">
              <value>
                <![CDATA[http://127.0.0.1:4727/wd/hub]]>
              </value>
            </param>
          </params>
          <reporter-output>
          </reporter-output>
        </test-method> <!-- setUp -->
        <test-method status="PASS" signature="testCal2()[pri:0, instance:Appium.NAB@5792a0]" name="testCal2" duration-ms="31043" started-at="2016-12-04T19:05:12Z" finished-at="2016-12-04T19:05:44Z">
          <reporter-output>
          </reporter-output>
        </test-method> <!-- testCal2 -->
        <test-method status="PASS" signature="teardown()[pri:0, instance:Appium.NAB@5792a0]" name="teardown" is-config="true" duration-ms="9" started-at="2016-12-04T19:05:44Z" finished-at="2016-12-04T19:05:44Z">
          <reporter-output>
          </reporter-output>
        </test-method> <!-- teardown -->
      </class> <!-- Appium.NAB -->
    </test> <!-- Test -->
  </suite> <!-- Suite -->
</testng-results>
